\BOOKMARK [0][-]{dummy.1}{\376\377\000A\000b\000s\000t\000r\000a\000c\000t}{}% 1
\BOOKMARK [0][-]{dummy.2}{\376\377\000A\000c\000k\000n\000o\000w\000l\000e\000d\000g\000e\000m\000e\000n\000t\000s}{}% 2
\BOOKMARK [0][-]{dummy.4}{\376\377\000P\000h\000y\000s\000i\000c\000a\000l\000\040\000C\000o\000n\000s\000t\000a\000n\000t\000s}{}% 3
\BOOKMARK [0][-]{chapter.7}{\376\377\0001\000\040\000I\000n\000t\000r\000o\000d\000u\000c\000t\000i\000o\000n}{}% 4
\BOOKMARK [0][-]{chapter.8}{\376\377\0002\000\040\000S\000p\000i\000n\000o\000r\000\040\000H\000e\000l\000i\000c\000i\000t\000y\000\040\000F\000o\000r\000m\000a\000l\000i\000s\000m}{}% 5
\BOOKMARK [1][-]{section.9}{\376\377\0002\000.\0001\000\040\000N\000u\000l\000l\000\040\000m\000o\000m\000e\000n\000t\000a}{chapter.8}% 6
\BOOKMARK [1][-]{section.30}{\376\377\0002\000.\0002\000\040\000S\000c\000a\000t\000t\000e\000r\000i\000n\000g\000\040\000A\000m\000p\000l\000i\000t\000u\000d\000e\000s}{chapter.8}% 7
\BOOKMARK [1][-]{section.34}{\376\377\0002\000.\0003\000\040\000M\000H\000V\000\040\000A\000m\000p\000l\000i\000t\000u\000d\000e\000s}{chapter.8}% 8
\BOOKMARK [1][-]{section.47}{\376\377\0002\000.\0004\000\040\000N\000\040\000=\0004\000\040\000S\000u\000p\000e\000r\000\040\000Y\000a\000n\000g\000-\000M\000i\000l\000l\000s\000\040\000T\000h\000e\000o\000r\000y}{chapter.8}% 9
\BOOKMARK [2][-]{subsection.57}{\376\377\0002\000.\0004\000.\0001\000\040\000O\000n\000-\000s\000h\000e\000l\000l\000\040\000S\000u\000p\000e\000r\000s\000p\000a\000c\000e\000\040\000a\000n\000d\000\040\000S\000u\000p\000e\000r\000a\000m\000p\000l\000i\000t\000u\000d\000e\000s}{section.47}% 10
\BOOKMARK [0][-]{chapter.76}{\376\377\0003\000\040\000T\000w\000i\000s\000t\000o\000r\000s}{}% 11
\BOOKMARK [1][-]{section.77}{\376\377\0003\000.\0001\000\040\000C\000o\000n\000f\000o\000r\000m\000a\000l\000\040\000I\000n\000v\000a\000r\000i\000a\000n\000c\000e}{chapter.76}% 12
\BOOKMARK [2][-]{subsection.88}{\376\377\0003\000.\0001\000.\0001\000\040\000G\000e\000n\000e\000r\000a\000t\000o\000r\000s\000\040\000o\000f\000\040\000c\000o\000n\000f\000o\000r\000m\000a\000l\000\040\000a\000l\000g\000e\000b\000r\000a}{section.77}% 13
\BOOKMARK [1][-]{section.98}{\376\377\0003\000.\0002\000\040\000C\000o\000n\000f\000o\000r\000m\000a\000l\000\040\000i\000n\000v\000a\000r\000i\000a\000n\000c\000e\000\040\000o\000f\000\040\000t\000h\000e\000\040\000M\000H\000V\000\040\000a\000m\000p\000l\000i\000t\000u\000d\000e\000s}{chapter.76}% 14
\BOOKMARK [1][-]{section.124}{\376\377\0003\000.\0003\000\040\000T\000w\000i\000s\000t\000o\000r\000\040\000S\000p\000a\000c\000e\000\040\000a\000s\000\040\000a\000\040\000c\000o\000n\000f\000o\000r\000m\000a\000l\000\040\000r\000e\000p\000r\000e\000s\000e\000n\000t\000a\000t\000i\000o\000n}{chapter.76}% 15
\BOOKMARK [2][-]{subsection.137}{\376\377\0003\000.\0003\000.\0001\000\040\000a\000m\000p\000l\000i\000t\000u\000d\000e\000s\000\040\000a\000n\000d\000\040\000T\000w\000i\000s\000t\000o\000r\000\040\000\050\000\040\000r\000e\000-\000t\000h\000i\000n\000k\000\040\000t\000h\000e\000\040\000n\000a\000m\000e\000\051\000\040}{section.124}% 16
\BOOKMARK [2][-]{subsection.138}{\376\377\0003\000.\0003\000.\0002\000\040\000T\000h\000e\000\040\000a\000m\000b\000i\000t\000w\000i\000s\000t\000o\000r\000\040}{section.124}% 17
\BOOKMARK [1][-]{section.143}{\376\377\0003\000.\0004\000\040\000S\000u\000p\000e\000r\000\040\000c\000o\000n\000f\000o\000r\000m\000a\000l\000\040\000T\000r\000a\000n\000s\000f\000o\000r\000m\000a\000t\000i\000o\000n}{chapter.76}% 18
\BOOKMARK [0][-]{chapter.144}{\376\377\0004\000\040\000F\000i\000r\000s\000t\000\040\000o\000r\000d\000e\000r\000\040\000L\000a\000g\000r\000a\000n\000g\000i\000a\000n}{}% 19
\BOOKMARK [1][-]{section.145}{\376\377\0004\000.\0001\000\040\000b\000c\000\040\000C\000o\000n\000f\000o\000r\000m\000a\000l\000\040\000F\000i\000e\000l\000d\000\040\000T\000h\000e\000o\000r\000y}{chapter.144}% 20
\BOOKMARK [2][-]{subsection.146}{\376\377\0004\000.\0001\000.\0001\000\040\000P\000r\000o\000p\000e\000r\000t\000i\000e\000s}{section.145}% 21
\BOOKMARK [1][-]{section.147}{\376\377\0004\000.\0002\000\040\000L\000i\000n\000e\000a\000r\000\040\000D\000i\000l\000a\000t\000o\000n\000\040\000a\000n\000d\000\040\000b\000c\000\040\000a\000r\000e\000\040\000t\000h\000e\000\040\000s\000a\000m\000e\000?}{chapter.144}% 22
\BOOKMARK [2][-]{subsection.148}{\376\377\0004\000.\0002\000.\0001\000\040\000B\000o\000s\000o\000n\000i\000z\000a\000t\000i\000o\000n}{section.147}% 23
\BOOKMARK [0][-]{chapter.149}{\376\377\0005\000\040\000B\000e\000r\000k\000o\000v\000i\000t\000s\000'\000s\000\040\000T\000w\000i\000s\000t\000o\000r\000\040\000S\000t\000r\000i\000n\000g\000\040\000A\000c\000t\000i\000o\000n}{}% 24
\BOOKMARK [1][-]{section.150}{\376\377\0005\000.\0001\000\040\000B\000o\000s\000o\000n\000i\000c\000\040\000a\000c\000t\000i\000o\000n}{chapter.149}% 25
\BOOKMARK [2][-]{subsection.151}{\376\377\0005\000.\0001\000.\0001\000\040\000c\000o\000n\000f\000o\000r\000m\000a\000l\000\040\000s\000y\000m\000m\000e\000t\000r\000y\000\040\000a\000n\000d\000\040\000g\000e\000n\000e\000r\000a\000t\000o\000r\000s}{section.150}% 26
\BOOKMARK [2][-]{subsection.152}{\376\377\0005\000.\0001\000.\0002\000\040\000\040\000p\000a\000r\000t\000i\000c\000l\000e\000\040\000a\000c\000t\000i\000o\000n\000\040\000\050\000\040\000m\000a\000y\000b\000e\000\051}{section.150}% 27
\BOOKMARK [1][-]{section.153}{\376\377\0005\000.\0002\000\040\000A\000d\000d\000i\000n\000g\000\040\000S\000u\000p\000e\000r\000\040\000T\000h\000i\000n\000g\000s}{chapter.149}% 28
\BOOKMARK [2][-]{subsection.154}{\376\377\0005\000.\0002\000.\0001\000\040\000S\000t\000r\000e\000s\000s\000\040\000E\000n\000e\000r\000g\000y\000\040\000T\000e\000n\000s\000o\000r\000;\000\040\000v\000e\000r\000t\000e\000x\000\040\000O\000p\000e\000r\000a\000t\000o\000r\000;\000\040\000Q\000-\000b\000r\000s\000t\000\040\000;\000\040\000C\000u\000r\000r\000e\000n\000t\000\040\000A\000l\000g\000e\000b\000r\000a}{section.153}% 29
\BOOKMARK [2][-]{subsection.155}{\376\377\0005\000.\0002\000.\0002\000\040\000I\000n\000s\000t\000a\000n\000t\000o\000n\000\040\000n\000u\000m\000b\000e\000r\000\040\000\050\000d\000\051\000\040\000a\000n\000d\000\040\000h\000e\000l\000i\000c\000i\000t\000y\000\040\000\050\000h\000\051}{section.153}% 30
\BOOKMARK [1][-]{section.156}{\376\377\0005\000.\0003\000\040\000T\000h\000e\000\040\000M\000H\000V\000\040\000a\000m\000p\000l\000i\000t\000u\000d\000e\000\040\000f\000r\000o\000m\000\040\000T\000w\000i\000s\000t\000o\000r\000\040\000S\000t\000r\000i\000n\000g\000\040}{chapter.149}% 31
\BOOKMARK [0][-]{chapter.157}{\376\377\0006\000\040\000T\000w\000i\000s\000t\000o\000r\000s\000\040\000i\000n\000\040\000T\000e\000n\000\040\000D\000i\000m\000e\000n\000s\000i\000o\000n\000s}{}% 32
\BOOKMARK [1][-]{section.158}{\376\377\0006\000.\0001\000\040\000M\000o\000t\000i\000v\000a\000t\000i\000o\000n}{chapter.157}% 33
\BOOKMARK [1][-]{section.159}{\376\377\0006\000.\0002\000\040\000T\000h\000e\000\040\000g\000o\000a\000l\000\040\000a\000n\000d\000\040\000t\000h\000e\000\040\000d\000i\000f\000f\000i\000c\000u\000l\000t\000y\000\040}{chapter.157}% 34
\BOOKMARK [1][-]{section.160}{\376\377\0006\000.\0003\000\040\000M\000a\000s\000o\000n\000\040\000A\000m\000b\000t\000w\000i\000s\000t\000o\000r\000\040\000a\000n\000d\000\040\000S\000c\000a\000t\000t\000e\000r\000i\000n\000g\000\040\000a\000m\000p\000l\000i\000t\000u\000d\000e\000s\000\040}{chapter.157}% 35
\BOOKMARK [0][-]{appendix.161}{\376\377\000A\000\040\000\040\000D\000o\000t\000t\000e\000d\000\040\000o\000r\000\040\000U\000n\000d\000o\000t\000t\000e\000d}{}% 36
\BOOKMARK [0][-]{dummy.201}{\376\377\000B\000i\000b\000l\000i\000o\000g\000r\000a\000p\000h\000y}{}% 37
